[debug] [2023-06-03T06:31:41.906Z] ----------------------------------------------------------------------
[debug] [2023-06-03T06:31:41.908Z] Command:       C:\Program Files\nodejs\node.exe C:\Users\marceph\AppData\Roaming\npm\node_modules\firebase-tools\lib\bin\firebase.js init
[debug] [2023-06-03T06:31:41.908Z] CLI Version:   11.20.0
[debug] [2023-06-03T06:31:41.909Z] Platform:      win32
[debug] [2023-06-03T06:31:41.909Z] Node Version:  v16.17.0
[debug] [2023-06-03T06:31:41.916Z] Time:          Sat Jun 03 2023 03:31:41 GMT-0300 (hora estándar de Argentina)
[debug] [2023-06-03T06:31:41.916Z] ----------------------------------------------------------------------
[debug] 
[debug] [2023-06-03T06:31:41.920Z] >>> [apiv2][query] GET https://firebase-public.firebaseio.com/cli.json [none]
[debug] [2023-06-03T06:31:41.940Z] > command requires scopes: ["email","openid","https://www.googleapis.com/auth/cloudplatformprojects.readonly","https://www.googleapis.com/auth/firebase","https://www.googleapis.com/auth/cloud-platform"]
[debug] [2023-06-03T06:31:41.940Z] > authorizing via signed-in user (marcemtz321@gmail.com)
[info] 
     ######## #### ########  ######## ########     ###     ######  ########
     ##        ##  ##     ## ##       ##     ##  ##   ##  ##       ##
     ######    ##  ########  ######   ########  #########  ######  ######
     ##        ##  ##    ##  ##       ##     ## ##     ##       ## ##
     ##       #### ##     ## ######## ########  ##     ##  ######  ########

You're about to initialize a Firebase project in this directory:

  C:\Users\marceph\Desktop\val\celuchamps

[debug] [2023-06-03T06:31:42.348Z] <<< [apiv2][status] GET https://firebase-public.firebaseio.com/cli.json 200
[debug] [2023-06-03T06:31:42.349Z] <<< [apiv2][body] GET https://firebase-public.firebaseio.com/cli.json {"cloudBuildErrorAfter":1594252800000,"cloudBuildWarnAfter":1590019200000,"defaultNode10After":1594252800000,"minVersion":"3.0.5","node8DeploysDisabledAfter":1613390400000,"node8RuntimeDisabledAfter":1615809600000,"node8WarnAfter":1600128000000}
